2023-12-20 00:12:862 INFO  StartPage :21 - Clicking on start button : [[ChromeDriver: chrome on windows (c2e90b12e89e1ec908db80541952af81)] -> css selector: .gem-c-button.govuk-button.govuk-button--start]
2023-12-20 00:12:961 INFO  SelectNationalityPage :24 - select nationality : Australiafrom drop down menu[[ChromeDriver: chrome on windows (c2e90b12e89e1ec908db80541952af81)] -> id: response]
2023-12-20 00:12:203 INFO  SelectNationalityPage :29 - Clicking on continue button : [[ChromeDriver: chrome on windows (c2e90b12e89e1ec908db80541952af81)] -> xpath: (//button[normalize-space()='Continue'])[1]]
2023-12-20 00:12:355 INFO  ReasonForTravelPage :33 - Clicking on reason : [[ChromeDriver: chrome on windows (c2e90b12e89e1ec908db80541952af81)] -> id: response-0]
2023-12-20 00:12:550 INFO  ReasonForTravelPage :38 - Clicking on continue Button : [[ChromeDriver: chrome on windows (c2e90b12e89e1ec908db80541952af81)] -> xpath: //button[normalize-space()='Continue']]
2023-12-20 00:12:632 INFO  ResultPage :28 - Verifying the text: [[ChromeDriver: chrome on windows (c2e90b12e89e1ec908db80541952af81)] -> xpath: //h2[normalize-space()='You will not need a visa to come to the UK']]
2023-12-20 00:12:348 INFO  StartPage :21 - Clicking on start button : [[ChromeDriver: chrome on windows (d83ba6fadc0623873bfcd073042e6601)] -> css selector: .gem-c-button.govuk-button.govuk-button--start]
2023-12-20 00:12:430 INFO  SelectNationalityPage :24 - select nationality : Chilefrom drop down menu[[ChromeDriver: chrome on windows (d83ba6fadc0623873bfcd073042e6601)] -> id: response]
2023-12-20 00:12:658 INFO  SelectNationalityPage :29 - Clicking on continue button : [[ChromeDriver: chrome on windows (d83ba6fadc0623873bfcd073042e6601)] -> xpath: (//button[normalize-space()='Continue'])[1]]
2023-12-20 00:12:817 INFO  ReasonForTravelPage :43 - Clicking on reason : [[ChromeDriver: chrome on windows (d83ba6fadc0623873bfcd073042e6601)] -> id: response-1]
2023-12-20 00:12:22 INFO  ReasonForTravelPage :38 - Clicking on continue Button : [[ChromeDriver: chrome on windows (d83ba6fadc0623873bfcd073042e6601)] -> xpath: //button[normalize-space()='Continue']]
2023-12-20 00:12:161 INFO  DurationOfStayPage :23 - Clicking on duration : [[ChromeDriver: chrome on windows (d83ba6fadc0623873bfcd073042e6601)] -> id: response-1]
2023-12-20 00:12:321 INFO  DurationOfStayPage :28 - Clicking on continue Button : [[ChromeDriver: chrome on windows (d83ba6fadc0623873bfcd073042e6601)] -> xpath: //button[normalize-space()='Continue']]
2023-12-20 00:12:500 INFO  WorkTypePage :24 - Clicking on work : [[ChromeDriver: chrome on windows (d83ba6fadc0623873bfcd073042e6601)] -> id: response-0]
2023-12-20 00:12:731 INFO  WorkTypePage :29 - Clicking on continue button : [[ChromeDriver: chrome on windows (d83ba6fadc0623873bfcd073042e6601)] -> xpath: //button[normalize-space()='Continue']]
2023-12-20 00:12:823 INFO  ResultPage :34 - Verifying the result: [[ChromeDriver: chrome on windows (d83ba6fadc0623873bfcd073042e6601)] -> xpath: //h2[normalize-space()='You need a visa to work in health and care']]
2023-12-20 00:12:519 INFO  StartPage :21 - Clicking on start button : [[ChromeDriver: chrome on windows (61f326f4e5c05378c134dec02a7feb07)] -> css selector: .gem-c-button.govuk-button.govuk-button--start]
2023-12-20 00:12:610 INFO  SelectNationalityPage :24 - select nationality : Cambodiafrom drop down menu[[ChromeDriver: chrome on windows (61f326f4e5c05378c134dec02a7feb07)] -> id: response]
2023-12-20 00:12:843 INFO  SelectNationalityPage :29 - Clicking on continue button : [[ChromeDriver: chrome on windows (61f326f4e5c05378c134dec02a7feb07)] -> xpath: (//button[normalize-space()='Continue'])[1]]
2023-12-20 00:12:986 INFO  ReasonForTravelPage :49 - Clicking on reason : [[ChromeDriver: chrome on windows (61f326f4e5c05378c134dec02a7feb07)] -> id: response-4]
2023-12-20 00:12:229 INFO  ReasonForTravelPage :38 - Clicking on continue Button : [[ChromeDriver: chrome on windows (61f326f4e5c05378c134dec02a7feb07)] -> xpath: //button[normalize-space()='Continue']]
2023-12-20 00:12:384 INFO  FamilyImmigrationStatusPage :23 - Clicking on yes : [[ChromeDriver: chrome on windows (61f326f4e5c05378c134dec02a7feb07)] -> id: response-0]
2023-12-20 00:12:610 INFO  FamilyImmigrationStatusPage :28 - Clicking on continue button : [[ChromeDriver: chrome on windows (61f326f4e5c05378c134dec02a7feb07)] -> xpath: //button[normalize-space()='Continue']]
2023-12-20 00:12:644 INFO  ResultPage :41 - Verifying the result: [[ChromeDriver: chrome on windows (61f326f4e5c05378c134dec02a7feb07)] -> xpath: //h2[contains(text(),'You’ll need a visa to join your family or partner ')]]
2023-12-20 00:12:323 INFO  StartPage :21 - Clicking on start button : [[ChromeDriver: chrome on windows (7491a728e26e24ab69b2b587b5f82d0d)] -> css selector: .gem-c-button.govuk-button.govuk-button--start]
